<?xml version="1.0" encoding="UTF-8"?>
<!-- Generated by org.testng.reporters.JUnitReportReporter -->
<testsuite skipped="0" hostname="DESKTOP-8ETPM1B" name="basics1.AppiumTest" tests="1" failures="0" timestamp="2020-04-19T13:36:47 IST" time="0.001" errors="0">
  <testcase name="appiumtest" time="0.001" classname="basics1.AppiumTest"/>
  <system-out/>
</testsuite> <!-- basics1.AppiumTest -->
