<?xml version="1.0" encoding="UTF-8"?>
<!-- Generated by org.testng.reporters.JUnitReportReporter -->
<testsuite skipped="0" hostname="DESKTOP-8ETPM1B" name="basics1.SeleniumTest" tests="1" failures="0" timestamp="2020-04-19T13:37:09 IST" time="0.000" errors="0">
  <testcase name="seleniumtest" time="0.000" classname="basics1.SeleniumTest"/>
  <system-out/>
</testsuite> <!-- basics1.SeleniumTest -->
